real 35.29
user 34.84
sys 0.09
real 37.06
user 33.64
sys 0.91
real 36.47
user 34.84
sys 0.07
real 244.21
user 216.09
sys 9.14
real 149.02
user 142.84
sys 0.86
real 176.19
user 173.85
sys 0.74
real 175.49
user 159.10
sys 8.69
real 169.15
user 164.69
sys 0.72
real 163.03
user 158.97
sys 0.69
real 160.17
user 143.52
sys 11.93
real 151.84
user 150.29
sys 0.87
real 147.47
user 145.99
sys 0.86
real 158.66
user 143.36
sys 10.31
real 162.47
user 161.45
sys 0.55
real 152.70
user 141.50
sys 0.66
real 193.76
user 176.98
sys 10.33
real 183.26
user 182.14
sys 0.78
real 180.66
user 178.22
sys 0.77
real 162.96
user 156.95
sys 2.87
real 162.92
user 157.79
sys 0.26
real 161.27
user 160.61
sys 0.26
real 143.88
user 130.55
sys 6.34
real 145.55
user 144.20
sys 0.69
real 140.57
user 137.20
sys 0.48
real 158.67
user 153.95
sys 1.54
real 159.33
user 156.13
sys 0.24
real 161.55
user 158.34
sys 0.16
real 152.47
user 146.82
sys 3.29
real 149.74
user 145.88
sys 0.41
real 156.22
user 155.21
sys 0.42
real 169.18
user 161.49
sys 5.06
real 159.51
user 155.95
sys 0.71
real 158.91
user 157.01
sys 0.61
real 138.18
user 130.94
sys 4.56
real 135.43
user 131.57
sys 0.34
real 136.51
user 135.09
sys 0.41
real 157.89
user 149.26
sys 8.43
real 165.63
user 158.24
sys 0.86
real 158.03
user 157.25
sys 0.70
real 166.93
user 158.41
sys 3.82
real 163.59
user 163.15
sys 0.35
real 167.09
user 161.22
sys 0.50
real 94.30
user 87.35
sys 3.66
real 88.45
user 88.06
sys 0.31
real 90.90
user 90.55
sys 0.23
real 171.35
user 164.86
sys 5.23
real 171.69
user 171.04
sys 0.57
real 166.94
user 166.22
sys 0.62
real 155.51
user 148.90
sys 6.42
real 160.38
user 152.53
sys 0.62
real 156.63
user 155.86
sys 0.50
real 166.34
user 159.98
sys 5.86
real 166.04
user 162.36
sys 0.63
real 166.14
user 164.08
sys 0.55
real 163.07
user 152.73
sys 7.23
real 158.76
user 155.07
sys 0.69
real 161.55
user 159.81
sys 0.62
real 162.10
user 156.30
sys 5.68
real 163.88
user 163.21
sys 0.49
real 163.19
user 157.17
sys 0.57
real 166.81
user 156.18
sys 8.08
real 157.88
user 157.19
sys 0.66
real 159.42
user 155.83
sys 0.74
real 153.62
user 149.98
sys 3.46
real 155.20
user 154.81
sys 0.32
real 152.17
user 151.78
sys 0.38
real 139.21
user 129.02
sys 4.90
real 135.14
user 134.78
sys 0.35
real 136.88
user 135.80
sys 0.35
real 167.44
user 163.02
sys 4.21
real 163.95
user 163.29
sys 0.54
real 165.08
user 164.56
sys 0.44
real 169.37
user 159.32
sys 9.86
real 164.32
user 163.39
sys 0.87
real 168.21
user 163.80
sys 0.91
real 159.10
user 144.60
sys 11.69
real 158.47
user 157.60
sys 0.78
real 157.81
user 148.37
sys 0.93
real 162.89
user 71.16
sys 14.26
real 159.91
user 47.16
sys 1.17
real 159.32
user 52.13
sys 1.32
real 165.05
user 51.01
sys 20.48
real 163.66
user 56.40
sys 2.04
real 165.49
user 70.68
sys 1.66
real 94.08
user 37.19
sys 2.16
real 96.11
user 38.47
sys 0.20
real 93.17
user 31.85
sys 0.18
